<?xml version="1.0" encoding="UTF-8"?>
<!-- Generated by org.testng.reporters.JUnitReportReporter -->
<testsuite hostname="IBM-PF31AYPV" failures="0" tests="5" name="com.WebOrders.WebOrder_Login_All_Tcs_Example" time="6.396" errors="0" timestamp="2025-08-12T12:50:40 IST" skipped="0">
  <testcase classname="com.WebOrders.WebOrder_Login_All_Tcs_Example" name="login_to_app" time="0.707"/>
  <testcase classname="com.WebOrders.WebOrder_Login_All_Tcs_Example" name="login_to_app" time="0.708"/>
  <testcase classname="com.WebOrders.WebOrder_Login_All_Tcs_Example" name="login_to_app" time="1.765"/>
  <testcase classname="com.WebOrders.WebOrder_Login_All_Tcs_Example" name="login_to_app" time="2.517"/>
  <testcase classname="com.WebOrders.WebOrder_Login_All_Tcs_Example" name="login_to_app" time="0.699"/>
</testsuite> <!-- com.WebOrders.WebOrder_Login_All_Tcs_Example -->
