<?xml version="1.0" encoding="UTF-8"?>
<!-- Generated by org.testng.reporters.JUnitReportReporter -->
<testsuite hostname="IBM-PF31AYPV" failures="0" tests="2" name="com.WebOrders.WebOrder_Login_CreateOrder_VerifyOrder" time="6.376" errors="0" timestamp="2025-08-09T15:23:51 IST" skipped="0">
  <testcase classname="com.WebOrders.WebOrder_Login_CreateOrder_VerifyOrder" name="login_to_app" time="1.885"/>
  <testcase classname="com.WebOrders.WebOrder_Login_CreateOrder_VerifyOrder" name="create_Order" time="4.491"/>
</testsuite> <!-- com.WebOrders.WebOrder_Login_CreateOrder_VerifyOrder -->
