<?xml version="1.0" encoding="UTF-8"?>
<!-- Generated by org.testng.reporters.JUnitReportReporter -->
<testsuite hostname="IBM-PF31AYPV" failures="0" tests="1" name="com.WebOrders.HeadlessBrowser_Chrome" time="6.208" errors="0" timestamp="2025-08-08T15:02:56 IST" skipped="0">
  <testcase classname="com.WebOrders.HeadlessBrowser_Chrome" name="Chrome_Headless" time="6.208"/>
</testsuite> <!-- com.WebOrders.HeadlessBrowser_Chrome -->
