<?xml version="1.0" encoding="UTF-8"?>
<!-- Generated by org.testng.reporters.JUnitReportReporter -->
<testsuite hostname="IBM-PF31AYPV" failures="0" tests="4" name="com.WebOrders.WebOrder_Login_Parameter_Example" time="31.527" errors="0" timestamp="2025-08-11T16:46:18 IST" skipped="0">
  <testcase classname="com.WebOrders.WebOrder_Login_Parameter_Example" name="login_to_app" time="7.933"/>
  <testcase classname="com.WebOrders.WebOrder_Login_Parameter_Example" name="login_to_app" time="8.216"/>
  <testcase classname="com.WebOrders.WebOrder_Login_Parameter_Example" name="login_to_app" time="7.600"/>
  <testcase classname="com.WebOrders.WebOrder_Login_Parameter_Example" name="login_to_app" time="7.778"/>
</testsuite> <!-- com.WebOrders.WebOrder_Login_Parameter_Example -->
