<?xml version="1.0" encoding="UTF-8"?>
<!-- Generated by org.testng.reporters.JUnitReportReporter -->
<testsuite hostname="IBM-PF31AYPV" failures="0" tests="1" name="com.WebOrders.WebOrder_HeadlessBrowser" time="1.754" errors="0" timestamp="2025-08-08T14:50:57 IST" skipped="0">
  <testcase classname="com.WebOrders.WebOrder_HeadlessBrowser" name="login_to_app" time="1.754"/>
</testsuite> <!-- com.WebOrders.WebOrder_HeadlessBrowser -->
