<?xml version="1.0" encoding="UTF-8"?>
<!-- Generated by org.testng.reporters.JUnitReportReporter -->
<testsuite hostname="IBM-PF31AYPV" failures="0" tests="3" name="com.WebOrders.WebOrder_Login_Create_UpdateOrder_VerifyOrder" time="13.115" errors="0" timestamp="2025-08-11T17:27:08 IST" skipped="0">
  <testcase classname="com.WebOrders.WebOrder_Login_Create_UpdateOrder_VerifyOrder" name="login_to_app" time="1.808"/>
  <testcase classname="com.WebOrders.WebOrder_Login_Create_UpdateOrder_VerifyOrder" name="create_Order" time="7.065"/>
  <testcase classname="com.WebOrders.WebOrder_Login_Create_UpdateOrder_VerifyOrder" name="update_order" time="4.242"/>
</testsuite> <!-- com.WebOrders.WebOrder_Login_Create_UpdateOrder_VerifyOrder -->
