<?xml version="1.0" encoding="UTF-8"?>
<!-- Generated by org.testng.reporters.JUnitReportReporter -->
<testsuite hostname="IBM-PF31AYPV" failures="0" tests="4" name="com.WebOrders.WebOrder_Login_DataDrivenTest" time="9.279" errors="0" timestamp="2025-08-08T17:12:03 IST" skipped="0">
  <testcase classname="com.WebOrders.WebOrder_Login_DataDrivenTest" name="login_to_app" time="2.217"/>
  <testcase classname="com.WebOrders.WebOrder_Login_DataDrivenTest" name="login_to_app" time="2.089"/>
  <testcase classname="com.WebOrders.WebOrder_Login_DataDrivenTest" name="login_to_app" time="2.858"/>
  <testcase classname="com.WebOrders.WebOrder_Login_DataDrivenTest" name="login_to_app" time="2.115"/>
</testsuite> <!-- com.WebOrders.WebOrder_Login_DataDrivenTest -->
