<?xml version="1.0" encoding="UTF-8"?>
<!-- Generated by org.testng.reporters.JUnitReportReporter -->
<testsuite hostname="IBM-PF31AYPV" failures="0" tests="16" name="com.WebOrders.WebOrder_Login_DataDrivenTest_minh" time="52.499" errors="0" timestamp="2025-08-11T15:41:11 IST" skipped="0">
  <testcase classname="com.WebOrders.WebOrder_Login_DataDrivenTest_minh" name="create_order" time="2.108"/>
  <testcase classname="com.WebOrders.WebOrder_Login_DataDrivenTest_minh" name="create_order" time="3.456"/>
  <testcase classname="com.WebOrders.WebOrder_Login_DataDrivenTest_minh" name="create_order" time="2.241"/>
  <testcase classname="com.WebOrders.WebOrder_Login_DataDrivenTest_minh" name="create_order" time="3.512"/>
  <testcase classname="com.WebOrders.WebOrder_Login_DataDrivenTest_minh" name="create_order" time="2.365"/>
  <testcase classname="com.WebOrders.WebOrder_Login_DataDrivenTest_minh" name="create_order" time="2.663"/>
  <testcase classname="com.WebOrders.WebOrder_Login_DataDrivenTest_minh" name="create_order" time="3.311"/>
  <testcase classname="com.WebOrders.WebOrder_Login_DataDrivenTest_minh" name="create_order" time="2.340"/>
  <testcase classname="com.WebOrders.WebOrder_Login_DataDrivenTest_minh" name="create_order" time="3.404"/>
  <testcase classname="com.WebOrders.WebOrder_Login_DataDrivenTest_minh" name="create_order" time="4.325"/>
  <testcase classname="com.WebOrders.WebOrder_Login_DataDrivenTest_minh" name="create_order" time="4.040"/>
  <testcase classname="com.WebOrders.WebOrder_Login_DataDrivenTest_minh" name="create_order" time="4.043"/>
  <testcase classname="com.WebOrders.WebOrder_Login_DataDrivenTest_minh" name="create_order" time="3.328"/>
  <testcase classname="com.WebOrders.WebOrder_Login_DataDrivenTest_minh" name="create_order" time="3.085"/>
  <testcase classname="com.WebOrders.WebOrder_Login_DataDrivenTest_minh" name="create_order" time="4.027"/>
  <testcase classname="com.WebOrders.WebOrder_Login_DataDrivenTest_minh" name="create_order" time="4.251"/>
</testsuite> <!-- com.WebOrders.WebOrder_Login_DataDrivenTest_minh -->
