<?xml version="1.0" encoding="UTF-8"?>
<!-- Generated by org.testng.reporters.JUnitReportReporter -->
<testsuite hostname="IBM-PF31AYPV" failures="0" tests="1" name="com.WebOrders.HDFC_NetBanking" time="8.511" errors="0" timestamp="2025-08-08T15:37:55 IST" skipped="0">
  <testcase classname="com.WebOrders.HDFC_NetBanking" name="login_to_app" time="8.511"/>
</testsuite> <!-- com.WebOrders.HDFC_NetBanking -->
