<?xml version="1.0" encoding="UTF-8"?>
<!-- Generated by org.testng.reporters.JUnitReportReporter -->
<testsuite hostname="IBM-PF31AYPV" failures="0" tests="4" name="com.WebOrders.WebOrder_Login_DataDrivenTest_OrangeHRM" time="27.729" errors="0" timestamp="2025-08-09T16:12:47 IST" skipped="0">
  <testcase classname="com.WebOrders.WebOrder_Login_DataDrivenTest_OrangeHRM" name="login_to_app1" time="6.313"/>
  <testcase classname="com.WebOrders.WebOrder_Login_DataDrivenTest_OrangeHRM" name="login_to_app1" time="6.357"/>
  <testcase classname="com.WebOrders.WebOrder_Login_DataDrivenTest_OrangeHRM" name="login_to_app1" time="7.486"/>
  <testcase classname="com.WebOrders.WebOrder_Login_DataDrivenTest_OrangeHRM" name="login_to_app1" time="7.573"/>
</testsuite> <!-- com.WebOrders.WebOrder_Login_DataDrivenTest_OrangeHRM -->
