<?xml version="1.0" encoding="UTF-8"?>
<!-- Generated by org.testng.reporters.JUnitReportReporter -->
<testsuite hostname="IBM-PF31AYPV" failures="0" tests="1" name="com.WebOrders.SmokeTest_Batch" time="0.009" errors="0" timestamp="2025-08-11T17:27:08 IST" skipped="0">
  <testcase classname="com.WebOrders.SmokeTest_Batch" name="smoke_test" time="0.009"/>
</testsuite> <!-- com.WebOrders.SmokeTest_Batch -->
