<?xml version="1.0" encoding="UTF-8"?>
<!-- Generated by org.testng.reporters.JUnitReportReporter -->
<testsuite hostname="IBM-PF31AYPV" failures="0" tests="7" name="com.WebOrders.WebOrder_CreateOrder_AllTcs_Scenario" time="14.490" errors="0" timestamp="2025-08-11T15:17:42 IST" skipped="0">
  <testcase classname="com.WebOrders.WebOrder_CreateOrder_AllTcs_Scenario" name="Create_Order" time="1.730"/>
  <testcase classname="com.WebOrders.WebOrder_CreateOrder_AllTcs_Scenario" name="Create_Order" time="3.883"/>
  <testcase classname="com.WebOrders.WebOrder_CreateOrder_AllTcs_Scenario" name="Create_Order" time="1.770"/>
  <testcase classname="com.WebOrders.WebOrder_CreateOrder_AllTcs_Scenario" name="Create_Order" time="1.646"/>
  <testcase classname="com.WebOrders.WebOrder_CreateOrder_AllTcs_Scenario" name="Create_Order" time="1.813"/>
  <testcase classname="com.WebOrders.WebOrder_CreateOrder_AllTcs_Scenario" name="Create_Order" time="1.814"/>
  <testcase classname="com.WebOrders.WebOrder_CreateOrder_AllTcs_Scenario" name="Create_Order" time="1.834"/>
</testsuite> <!-- com.WebOrders.WebOrder_CreateOrder_AllTcs_Scenario -->
