<?xml version="1.0" encoding="UTF-8"?>
<!-- Generated by org.testng.reporters.JUnitReportReporter -->
<testsuite hostname="IBM-PF31AYPV" failures="0" tests="2" name="com.WebOrders.WebOrder_Login_Create_Unique_Order" time="14.572" errors="0" timestamp="2025-08-11T17:27:08 IST" skipped="0">
  <testcase classname="com.WebOrders.WebOrder_Login_Create_Unique_Order" name="login_to_app" time="1.951"/>
  <testcase classname="com.WebOrders.WebOrder_Login_Create_Unique_Order" name="create_Order" time="12.621"/>
</testsuite> <!-- com.WebOrders.WebOrder_Login_Create_Unique_Order -->
