<?xml version="1.0" encoding="UTF-8"?>
<!-- Generated by org.testng.reporters.JUnitReportReporter -->
<testsuite hostname="IBM-PF31AYPV" failures="0" tests="2" name="com.WebOrders.WebOrder_Login_CreateOrder_GetText_Title_URL_Example" time="4.256" errors="0" timestamp="2025-08-07T16:46:03 IST" skipped="0">
  <testcase classname="com.WebOrders.WebOrder_Login_CreateOrder_GetText_Title_URL_Example" name="login_to_app" time="1.970"/>
  <testcase classname="com.WebOrders.WebOrder_Login_CreateOrder_GetText_Title_URL_Example" name="create_Order" time="2.286"/>
</testsuite> <!-- com.WebOrders.WebOrder_Login_CreateOrder_GetText_Title_URL_Example -->
