<?xml version="1.0" encoding="UTF-8"?>
<!-- Generated by org.testng.reporters.JUnitReportReporter -->
<testsuite hostname="IBM-PF31AYPV" failures="0" tests="1" name="com.WebOrders.WebOrder_Login_Pre_Post_Condition" time="3.211" errors="0" timestamp="2025-08-07T15:22:03 IST" skipped="0">
  <testcase classname="com.WebOrders.WebOrder_Login_Pre_Post_Condition" name="login_to_app" time="3.211"/>
</testsuite> <!-- com.WebOrders.WebOrder_Login_Pre_Post_Condition -->
