<?xml version="1.0" encoding="UTF-8"?>
<!-- Generated by org.testng.reporters.JUnitReportReporter -->
<testsuite hostname="IBM-PF31AYPV" failures="0" tests="1" name="com.WebOrders.WebOrder_Login_JavaClass" time="0.009" errors="0" timestamp="2025-08-06T17:31:24 IST" skipped="0">
  <testcase classname="com.WebOrders.WebOrder_Login_JavaClass" name="login" time="0.009"/>
</testsuite> <!-- com.WebOrders.WebOrder_Login_JavaClass -->
