<?xml version="1.0" encoding="UTF-8"?>
<!-- Generated by org.testng.reporters.JUnitReportReporter -->
<testsuite hostname="IBM-PF31AYPV" failures="0" tests="7" name="com.WebOrders.WebOrder_Login_allTCs_UsingColor" time="14.262" errors="0" timestamp="2025-08-11T15:05:31 IST" skipped="0">
  <testcase classname="com.WebOrders.WebOrder_Login_allTCs_UsingColor" name="Create_Order" time="2.102"/>
  <testcase classname="com.WebOrders.WebOrder_Login_allTCs_UsingColor" name="Create_Order" time="2.033"/>
  <testcase classname="com.WebOrders.WebOrder_Login_allTCs_UsingColor" name="Create_Order" time="2.790"/>
  <testcase classname="com.WebOrders.WebOrder_Login_allTCs_UsingColor" name="Create_Order" time="1.928"/>
  <testcase classname="com.WebOrders.WebOrder_Login_allTCs_UsingColor" name="Create_Order" time="1.824"/>
  <testcase classname="com.WebOrders.WebOrder_Login_allTCs_UsingColor" name="Create_Order" time="1.643"/>
  <testcase classname="com.WebOrders.WebOrder_Login_allTCs_UsingColor" name="Create_Order" time="1.942"/>
</testsuite> <!-- com.WebOrders.WebOrder_Login_allTCs_UsingColor -->
