<?xml version="1.0" encoding="UTF-8"?>
<!-- Generated by org.testng.reporters.JUnitReportReporter -->
<testsuite hostname="IBM-PF31AYPV" failures="0" tests="1" name="com.WebOrders.WebOrder_Login" time="8.819" errors="0" timestamp="2025-08-07T15:11:31 IST" skipped="0">
  <testcase classname="com.WebOrders.WebOrder_Login" name="login" time="8.819"/>
</testsuite> <!-- com.WebOrders.WebOrder_Login -->
